<?xml version="1.0" encoding="UTF-8"?>
<!-- Generated by org.testng.reporters.JUnitReportReporter -->
<testsuite hostname="DESKTOP-NKHBQ8A" failures="0" tests="1" name="tests.LoginAmazonWithTestNGParameters" time="17.785" errors="0" timestamp="2024-10-09T01:51:59 IST" skipped="0">
  <testcase classname="tests.LoginAmazonWithTestNGParameters" name="testLogin" time="17.785"/>
  <system-out/>
</testsuite> <!-- tests.LoginAmazonWithTestNGParameters -->
