<?xml version="1.0" encoding="UTF-8"?>
<!-- Generated by org.testng.reporters.JUnitReportReporter -->
<testsuite hostname="DESKTOP-NKHBQ8A" failures="0" tests="3" name="tests.LaunchWebsites" time="26.995" errors="0" timestamp="2024-10-17T18:21:34 IST" skipped="0">
  <testcase classname="tests.LaunchWebsites" name="testLogin" time="9.103"/>
  <system-out/>
  <testcase classname="tests.LaunchWebsites" name="testLogin" time="8.723"/>
  <system-out/>
  <testcase classname="tests.LaunchWebsites" name="testLogin" time="9.169"/>
  <system-out/>
</testsuite> <!-- tests.LaunchWebsites -->
