<?xml version="1.0" encoding="UTF-8"?>
<!-- Generated by org.testng.reporters.JUnitReportReporter -->
<testsuite hostname="DESKTOP-NKHBQ8A" failures="0" tests="1" name="tests.LoginAmazon" time="17.186" errors="0" timestamp="2024-10-28T19:11:38 IST" skipped="0">
  <testcase classname="tests.LoginAmazon" name="testLogin" time="17.186"/>
  <system-out/>
</testsuite> <!-- tests.LoginAmazon -->
