<?xml version="1.0" encoding="UTF-8"?>
<!-- Generated by org.testng.reporters.JUnitReportReporter -->
<testsuite hostname="DESKTOP-NKHBQ8A" failures="0" tests="1" name="tests.LaunchFlipkartPage" time="16.650" errors="0" timestamp="2024-10-28T19:11:38 IST" skipped="0">
  <testcase classname="tests.LaunchFlipkartPage" name="testLogin" time="16.650"/>
  <system-out/>
</testsuite> <!-- tests.LaunchFlipkartPage -->
