<?xml version="1.0" encoding="UTF-8"?>
<!-- Generated by org.testng.reporters.JUnitReportReporter -->
<testsuite hostname="DESKTOP-NKHBQ8A" failures="0" tests="3" name="CucumberRunnerFiles.CucumberRunner" time="26.322" errors="0" timestamp="2024-10-08T17:22:45 IST" skipped="0">
  <testcase classname="CucumberRunnerFiles.CucumberRunner" name="runScenario" time="6.411"/>
  <system-out/>
  <testcase classname="CucumberRunnerFiles.CucumberRunner" name="runScenario" time="12.715"/>
  <system-out/>
  <testcase classname="CucumberRunnerFiles.CucumberRunner" name="runScenario" time="7.196"/>
  <system-out/>
</testsuite> <!-- CucumberRunnerFiles.CucumberRunner -->
