<?xml version="1.0" encoding="UTF-8"?>
<!-- Generated by org.testng.reporters.JUnitReportReporter -->
<testsuite hostname="DESKTOP-NKHBQ8A" failures="0" tests="1" name="tests.LoginTest" time="17.889" errors="0" timestamp="2024-10-08T18:48:20 IST" skipped="0">
  <testcase classname="tests.LoginTest" name="testLogin" time="17.889"/>
  <system-out/>
</testsuite> <!-- tests.LoginTest -->
