<?xml version="1.0" encoding="UTF-8"?>
<!-- Generated by org.testng.reporters.JUnitReportReporter -->
<testsuite hostname="DESKTOP-NKHBQ8A" failures="0" tests="1" name="tests.LaunchFlipkartPage" time="14.591" errors="0" timestamp="2024-10-28T19:20:22 IST" skipped="0">
  <testcase classname="tests.LaunchFlipkartPage" name="testLogin" time="14.591"/>
</testsuite> <!-- tests.LaunchFlipkartPage -->
